c:\users\sakamoto\source\repos\pl0compilerqt\pl0compilerqt\x64\debug\main.obj
c:\users\sakamoto\source\repos\pl0compilerqt\pl0compilerqt\x64\debug\pl0compilerqt.obj
c:\users\sakamoto\source\repos\pl0compilerqt\pl0compilerqt\x64\debug\qrc_pl0compilerqt.obj
c:\users\sakamoto\source\repos\pl0compilerqt\pl0compilerqt\x64\debug\moc_pl0compilerqt.obj
c:\users\sakamoto\source\repos\pl0compilerqt\pl0compilerqt\x64\debug\vc141.pdb
c:\users\sakamoto\source\repos\pl0compilerqt\pl0compilerqt\x64\debug\instruction.obj
c:\users\sakamoto\source\repos\pl0compilerqt\pl0compilerqt\x64\debug\wordanalyzer.obj
c:\users\sakamoto\source\repos\pl0compilerqt\pl0compilerqt\x64\debug\grammaranalyzer.obj
c:\users\sakamoto\source\repos\pl0compilerqt\pl0compilerqt\x64\debug\error.obj
c:\users\sakamoto\source\repos\pl0compilerqt\pl0compilerqt\x64\debug\symbol.obj
c:\users\sakamoto\source\repos\pl0compilerqt\pl0compilerqt\x64\debug\interpreter.obj
c:\users\sakamoto\source\repos\pl0compilerqt\pl0compilerqt\x64\debug\word.obj
c:\users\sakamoto\source\repos\pl0compilerqt\pl0compilerqt\x64\debug\console.obj
c:\users\sakamoto\source\repos\pl0compilerqt\pl0compilerqt\x64\debug\moc_console.obj
c:\users\sakamoto\source\repos\pl0compilerqt\pl0compilerqt\x64\debug\consolestream.obj
c:\users\sakamoto\source\repos\pl0compilerqt\pl0compilerqt\x64\debug\moc_interpreter.obj
c:\users\sakamoto\source\repos\pl0compilerqt\x64\debug\pl0compilerqt.exe
c:\users\sakamoto\source\repos\pl0compilerqt\x64\debug\pl0compilerqt.ilk
c:\users\sakamoto\source\repos\pl0compilerqt\x64\debug\pl0compilerqt.pdb
c:\users\sakamoto\source\repos\pl0compilerqt\pl0compilerqt\generatedfiles\debug\moc_pl0compilerqt.cpp
c:\users\sakamoto\source\repos\pl0compilerqt\pl0compilerqt\generatedfiles\qrc_pl0compilerqt.cpp
c:\users\sakamoto\source\repos\pl0compilerqt\pl0compilerqt\generatedfiles\ui_pl0compilerqt.h
c:\users\sakamoto\source\repos\pl0compilerqt\pl0compilerqt\generatedfiles\debug\moc_console.cpp
c:\users\sakamoto\source\repos\pl0compilerqt\pl0compilerqt\generatedfiles\debug\moc_interpreter.cpp
c:\users\sakamoto\source\repos\pl0compilerqt\pl0compilerqt\.\generatedfiles\debug\moc_pl0compilerqt.cpp
c:\users\sakamoto\source\repos\pl0compilerqt\pl0compilerqt\.\generatedfiles\debug\moc_interpreter.cpp
c:\users\sakamoto\source\repos\pl0compilerqt\pl0compilerqt\.\generatedfiles\qrc_pl0compilerqt.cpp
c:\users\sakamoto\source\repos\pl0compilerqt\pl0compilerqt\.\generatedfiles\ui_pl0compilerqt.h
c:\users\sakamoto\source\repos\pl0compilerqt\pl0compilerqt\x64\debug\pl0compilerqt.res
c:\users\sakamoto\source\repos\pl0compilerqt\pl0compilerqt\x64\debug\pl0compilerqt.tlog\cl.command.1.tlog
c:\users\sakamoto\source\repos\pl0compilerqt\pl0compilerqt\x64\debug\pl0compilerqt.tlog\cl.read.1.tlog
c:\users\sakamoto\source\repos\pl0compilerqt\pl0compilerqt\x64\debug\pl0compilerqt.tlog\cl.write.1.tlog
c:\users\sakamoto\source\repos\pl0compilerqt\pl0compilerqt\x64\debug\pl0compilerqt.tlog\link.command.1.tlog
c:\users\sakamoto\source\repos\pl0compilerqt\pl0compilerqt\x64\debug\pl0compilerqt.tlog\link.read.1.tlog
c:\users\sakamoto\source\repos\pl0compilerqt\pl0compilerqt\x64\debug\pl0compilerqt.tlog\link.write.1.tlog
c:\users\sakamoto\source\repos\pl0compilerqt\pl0compilerqt\x64\debug\pl0compilerqt.tlog\pl0compilerqt.write.1u.tlog
c:\users\sakamoto\source\repos\pl0compilerqt\pl0compilerqt\x64\debug\pl0compilerqt.tlog\qtmoc.read.1u.tlog
c:\users\sakamoto\source\repos\pl0compilerqt\pl0compilerqt\x64\debug\pl0compilerqt.tlog\qtmoc.write.1u.tlog
c:\users\sakamoto\source\repos\pl0compilerqt\pl0compilerqt\x64\debug\pl0compilerqt.tlog\qtrcc.read.1u.tlog
c:\users\sakamoto\source\repos\pl0compilerqt\pl0compilerqt\x64\debug\pl0compilerqt.tlog\qtrcc.write.1u.tlog
c:\users\sakamoto\source\repos\pl0compilerqt\pl0compilerqt\x64\debug\pl0compilerqt.tlog\qtuic.read.1u.tlog
c:\users\sakamoto\source\repos\pl0compilerqt\pl0compilerqt\x64\debug\pl0compilerqt.tlog\qtuic.write.1u.tlog
c:\users\sakamoto\source\repos\pl0compilerqt\pl0compilerqt\x64\debug\pl0compilerqt.tlog\rc.command.1.tlog
c:\users\sakamoto\source\repos\pl0compilerqt\pl0compilerqt\x64\debug\pl0compilerqt.tlog\rc.read.1.tlog
c:\users\sakamoto\source\repos\pl0compilerqt\pl0compilerqt\x64\debug\pl0compilerqt.tlog\rc.write.1.tlog
